This file contains any messages produced by compilers while
running configure, to aid debugging if configure makes a mistake.

It was created by configure, which was
generated by GNU Autoconf 2.69.  Invocation command line was

  $ ./configure 

## --------- ##
## Platform. ##
## --------- ##

hostname = opals-machine
uname -m = x86_64
uname -r = 4.13.0-25-generic
uname -s = Linux
uname -v = #29-Ubuntu SMP Mon Jan 8 21:14:41 UTC 2018

/usr/bin/uname -p = unknown
/bin/uname -X     = unknown

/bin/arch              = unknown
/usr/bin/arch -k       = unknown
/usr/convex/getsysinfo = unknown
/usr/bin/hostinfo      = unknown
/bin/machine           = unknown
/usr/bin/oslevel       = unknown
/bin/universe          = unknown

PATH: /home/lee/.nvm/versions/node/v6.11.0/bin
PATH: /home/lee/.cargo/bin
PATH: /snap/bin
PATH: /home/lee/.config/composer/vendor/bin
PATH: /home/lee/.cargo/bin
PATH: /home/lee/.gem/ruby/2.3.0/bin
PATH: /home/lee/.pyenv/plugins/pyenv-virtualenv/shims
PATH: /home/lee/.pyenv/shims
PATH: /home/lee/.pyenv/bin
PATH: /home/lee/.cabal/bin
PATH: /home/lee/.local/bin
PATH: /home/lee/perl5/bin
PATH: /home/lee/.npm-packages/bin
PATH: /usr/local/sbin
PATH: /usr/local/bin
PATH: /usr/sbin
PATH: /usr/bin
PATH: /sbin
PATH: /bin
PATH: /usr/games
PATH: /usr/local/games
PATH: /home/lee/gopath/bin
PATH: /home/lee/.rsvm/current/dist/bin


## ----------- ##
## Core tests. ##
## ----------- ##

configure:2183: checking for a BSD-compatible install
configure:2251: result: /usr/bin/install -c
configure:2270: checking build system type
configure:2281: error: /bin/bash ./config.sub x86_64-pc-linux-gnuoldld failed

## ---------------- ##
## Cache variables. ##
## ---------------- ##

ac_cv_build=
ac_cv_env_CC_set=
ac_cv_env_CC_value=
ac_cv_env_CFLAGS_set=
ac_cv_env_CFLAGS_value=
ac_cv_env_CPPFLAGS_set=
ac_cv_env_CPPFLAGS_value=
ac_cv_env_CPP_set=
ac_cv_env_CPP_value=
ac_cv_env_LDFLAGS_set=
ac_cv_env_LDFLAGS_value=
ac_cv_env_LIBS_set=
ac_cv_env_LIBS_value=
ac_cv_env_build_alias_set=
ac_cv_env_build_alias_value=
ac_cv_env_host_alias_set=
ac_cv_env_host_alias_value=
ac_cv_env_target_alias_set=
ac_cv_env_target_alias_value=
ac_cv_path_install='/usr/bin/install -c'

## ----------------- ##
## Output variables. ##
## ----------------- ##

CC=''
CFLAGS=''
CONFIG_SHELL='/bin/bash'
CPP=''
CPPFLAGS=''
DEFS=''
DLL_CFLAGS=''
DLL_EXT=''
DLL_FLAGS=''
DYN_LIBS=''
ECHO_C=''
ECHO_N='-n'
ECHO_T=''
EGREP=''
EXEEXT=''
GREP=''
HAVE_FCLOSEALL=''
HAVE_MKDTEMP=''
HAVE_SETPRIORITY=''
HAVE_STRCASECMP=''
HAVE_STRLWR=''
HAVE_STRUPR=''
INSTALL_DATA='${INSTALL} -m 644'
INSTALL_PROGRAM='${INSTALL}'
INSTALL_SCRIPT='${INSTALL}'
LDFLAGS=''
LD_STRIP=''
LIBOBJS=''
LIBS=''
LTLIBOBJS=''
OBJEXT=''
OS_DEF=''
OS_ID=''
OUT_DIR=''
PACKAGE_BUGREPORT=''
PACKAGE_NAME=''
PACKAGE_STRING=''
PACKAGE_TARNAME=''
PACKAGE_URL=''
PACKAGE_VERSION=''
PATH_SEPARATOR=':'
PROG_EXT=''
REGISTER=''
REQUIRES_DEF=''
SHELL='/bin/bash'
TOLERANT_FNMATCH=''
ac_ct_CC=''
bindir='${exec_prefix}/bin'
build=''
build_alias=''
build_cpu=''
build_os=''
build_vendor=''
datadir='${datarootdir}'
datarootdir='${prefix}/share'
docdir='${datarootdir}/doc/${PACKAGE}'
dvidir='${docdir}'
exec_prefix='NONE'
host=''
host_alias=''
host_cpu=''
host_os=''
host_vendor=''
htmldir='${docdir}'
includedir='${prefix}/include'
infodir='${datarootdir}/info'
libdir='${exec_prefix}/lib'
libexecdir='${exec_prefix}/libexec'
localedir='${datarootdir}/locale'
localstatedir='${prefix}/var'
mandir='${datarootdir}/man'
oldincludedir='/usr/include'
pdfdir='${docdir}'
prefix='NONE'
program_transform_name='s,x,x,'
psdir='${docdir}'
runstatedir='${localstatedir}/run'
sbindir='${exec_prefix}/sbin'
sharedstatedir='${prefix}/com'
sysconfdir='${prefix}/etc'
target_alias=''

## ----------- ##
## confdefs.h. ##
## ----------- ##

/* confdefs.h */
#define PACKAGE_NAME ""
#define PACKAGE_TARNAME ""
#define PACKAGE_VERSION ""
#define PACKAGE_STRING ""
#define PACKAGE_BUGREPORT ""
#define PACKAGE_URL ""

configure: exit 1
